<?xml version="1.0" encoding="UTF-8"?>
<testng-results skipped="0" failed="0" ignored="0" total="1" passed="1">
  <reporter-output>
  </reporter-output>
  <suite name="Default suite" duration-ms="966" started-at="2019-02-10T03:51:53Z" finished-at="2019-02-10T03:51:53Z">
    <groups>
      <group name="cucumber">
        <method signature="AbstractTestNGCucumberTests.feature(cucumber.api.testng.CucumberFeatureWrapper)[pri:0, instance:runner.RunTest@39c0f4a]" name="feature" class="cucumber.api.testng.AbstractTestNGCucumberTests"/>
      </group> <!-- cucumber -->
    </groups>
    <test name="Default test" duration-ms="966" started-at="2019-02-10T03:51:53Z" finished-at="2019-02-10T03:51:53Z">
      <class name="runner.RunTest">
        <test-method status="PASS" signature="setUpClass()[pri:0, instance:runner.RunTest@39c0f4a]" name="setUpClass" is-config="true" duration-ms="359" started-at="2019-02-10T09:21:53Z" finished-at="2019-02-10T09:21:53Z">
          <reporter-output>
          </reporter-output>
        </test-method> <!-- setUpClass -->
        <test-method status="PASS" signature="feature(cucumber.api.testng.CucumberFeatureWrapper)[pri:0, instance:runner.RunTest@39c0f4a]" name="feature" duration-ms="340" started-at="2019-02-10T09:21:53Z" description="Runs Cucumber Feature" data-provider="features" finished-at="2019-02-10T09:21:53Z">
          <params>
            <param index="0">
              <value>
                <![CDATA[Sample Feature]]>
              </value>
            </param>
          </params>
          <reporter-output>
          </reporter-output>
        </test-method> <!-- feature -->
        <test-method status="PASS" signature="tearDownClass()[pri:0, instance:runner.RunTest@39c0f4a]" name="tearDownClass" is-config="true" duration-ms="141" started-at="2019-02-10T09:21:53Z" finished-at="2019-02-10T09:21:53Z">
          <reporter-output>
          </reporter-output>
        </test-method> <!-- tearDownClass -->
      </class> <!-- runner.RunTest -->
    </test> <!-- Default test -->
  </suite> <!-- Default suite -->
</testng-results>
